
============================================================
  PHASE 5: EAP-IG weight-level vs RelP node-level
============================================================
Loaded scores from ./scores/eap_ig_weights_pile10k_l2_s128.pkl
Loaded scores from ./scores/relp_nodes_pile10k_s128.pkl

  Layer     EAP-IG attn     EAP-IG mlp    RelP attn     RelP mlp
  ------------------------------------------------------------
  0           122293.83       32573.23       551.91       883.77
  1           205739.31       39278.06       359.85       483.00
  2          9921305.02       84633.79       158.01        98.11
  3             7138.65        2728.91        27.56        55.90
  4             9947.98        5900.06        33.74        76.01
  5            13544.00        6661.66        32.98        57.51
  6            19279.28        9386.98        29.27        51.87
  7            22799.39       11410.51        29.88        52.87
  8            30080.72       14948.24        30.93        61.53
  9            31220.78       18157.22        27.44        55.98
  10           36698.24       20574.99        28.28        53.26
  11           52790.00       27534.08        27.06        55.13
  12           53805.30       33360.97        25.53        56.57
  13           68203.93       42098.85        29.56        60.42
  14           63716.30       49336.45        28.08        57.88
  15           71583.92       56913.15        27.87        62.20
  16          107922.02       84279.63        29.99        70.98
  17          119074.55      108785.94        29.85        79.81
  18          122120.63      125508.00        30.26        74.67
  19          150029.96      161202.37        30.93        77.43
  20          208571.49      192319.16        33.72        82.82
  21          202833.56      219894.18        29.33        76.57
  22          151050.73      230612.57        34.08        76.09
  23          376270.14      264950.28        32.55        73.36
  24          206790.33      295562.60        27.28        72.01
  25          275868.14      313540.10        30.03        72.50
  26          261577.68      330485.62        32.89        75.28
  27          191082.38      368937.32        34.77        79.83
  28          404140.43      438076.23        36.17       109.49
  29          397990.27      557216.08        33.88        89.56
  30          829702.36     1198264.94        35.19       123.33
  31         6501285.75     3610214.50        38.24       179.65

  Spearman correlations:
    Attn:  rho=0.5689 (p=0.0007)
    MLP:   rho=0.6474 (p=0.0001)
    Total: rho=0.6994 (p=0.0000)

  Top-5 layers by EAP-IG weight:  [np.int64(31), np.int64(2), np.int64(30), np.int64(29), np.int64(28)]
  Top-5 layers by RelP node:      [np.int64(0), np.int64(1), np.int64(2), np.int64(31), np.int64(30)]
  Bottom-5 by EAP-IG weight:      [np.int64(7), np.int64(6), np.int64(5), np.int64(4), np.int64(3)]
  Bottom-5 by RelP node:          [np.int64(7), np.int64(11), np.int64(12), np.int64(10), np.int64(6)]
  Top-5 overlap:  3/5
  Top-10 overlap: 6/10

  Per-matrix-type average EAP-IG score:
    self_attn.q_proj       mean=0.004655
    self_attn.k_proj       mean=0.003939
    self_attn.v_proj       mean=0.016966
    self_attn.o_proj       mean=0.013996
    mlp.gate_proj          mean=0.001987
    mlp.up_proj            mean=0.002648
    mlp.down_proj          mean=0.001571
  Saved: ./plots/eapig_weight_vs_relp_node.png

  Saved to ./results/eapig_weight_vs_relp_node.json

All results saved to ./results/scoring_comparison.json
Done!
